[2023-12-18 08:08:32.638][13][info][main] [external/envoy/source/server/server.cc:413] initializing epoch 0 (base id=0, hot restart version=11.104)
[2023-12-18 08:08:32.639][13][info][main] [external/envoy/source/server/server.cc:415] statically linked extensions:
[2023-12-18 08:08:32.639][13][info][main] [external/envoy/source/server/server.cc:417]   envoy.access_loggers: envoy.access_loggers.file, envoy.access_loggers.http_grpc, envoy.access_loggers.open_telemetry, envoy.access_loggers.stderr, envoy.access_loggers.stdout, envoy.access_loggers.tcp_grpc, envoy.access_loggers.wasm, envoy.file_access_log, envoy.http_grpc_access_log, envoy.open_telemetry_access_log, envoy.stderr_access_log, envoy.stdout_access_log, envoy.tcp_grpc_access_log, envoy.wasm_access_log
[2023-12-18 08:08:32.639][13][info][main] [external/envoy/source/server/server.cc:417]   envoy.access_loggers.extension_filters: envoy.access_loggers.extension_filters.cel
[2023-12-18 08:08:32.639][13][info][main] [external/envoy/source/server/server.cc:417]   envoy.stats_sinks: envoy.metrics_service, envoy.open_telemetry_stat_sink, envoy.stat_sinks.metrics_service, envoy.stat_sinks.open_telemetry, envoy.stat_sinks.wasm
[2023-12-18 08:08:32.639][13][info][main] [external/envoy/source/server/server.cc:417]   envoy.listener_manager_impl: envoy.listener_manager_impl.default, envoy.listener_manager_impl.validation
[2023-12-18 08:08:32.639][13][info][main] [external/envoy/source/server/server.cc:417]   envoy.http.original_ip_detection: envoy.http.original_ip_detection.xff
[2023-12-18 08:08:32.639][13][info][main] [external/envoy/source/server/server.cc:417]   envoy.compression.compressor: envoy.compression.gzip.compressor
[2023-12-18 08:08:32.639][13][info][main] [external/envoy/source/server/server.cc:417]   envoy.http.early_header_mutation: envoy.http.early_header_mutation.header_mutation
[2023-12-18 08:08:32.639][13][info][main] [external/envoy/source/server/server.cc:417]   envoy.guarddog_actions: envoy.watchdog.abort_action
[2023-12-18 08:08:32.639][13][info][main] [external/envoy/source/server/server.cc:417]   quic.http_server_connection: quic.http_server_connection.default
[2023-12-18 08:08:32.639][13][info][main] [external/envoy/source/server/server.cc:417]   envoy.http.header_validators: envoy.http.header_validators.envoy_default
[2023-12-18 08:08:32.639][13][info][main] [external/envoy/source/server/server.cc:417]   envoy.transport_sockets.downstream: cilium.tls_wrapper, envoy.transport_sockets.alts, envoy.transport_sockets.quic, envoy.transport_sockets.raw_buffer, envoy.transport_sockets.starttls, envoy.transport_sockets.tls, raw_buffer, starttls, tls
[2023-12-18 08:08:32.639][13][info][main] [external/envoy/source/server/server.cc:417]   envoy.thrift_proxy.protocols: auto, binary, binary/non-strict, compact, twitter
[2023-12-18 08:08:32.639][13][info][main] [external/envoy/source/server/server.cc:417]   envoy.rate_limit_descriptors: envoy.rate_limit_descriptors.expr
[2023-12-18 08:08:32.639][13][info][main] [external/envoy/source/server/server.cc:417]   envoy.udp_packet_writer: envoy.udp_packet_writer.default, envoy.udp_packet_writer.gso
[2023-12-18 08:08:32.639][13][info][main] [external/envoy/source/server/server.cc:417]   envoy.request_id: envoy.request_id.uuid
[2023-12-18 08:08:32.639][13][info][main] [external/envoy/source/server/server.cc:417]   envoy.filters.network: cilium.network, cilium.network.websocket.client, cilium.network.websocket.server, envoy.ext_authz, envoy.filters.network.connection_limit, envoy.filters.network.ext_authz, envoy.filters.network.http_connection_manager, envoy.filters.network.local_ratelimit, envoy.filters.network.mongo_proxy, envoy.filters.network.mysql_proxy, envoy.filters.network.ratelimit, envoy.filters.network.redis_proxy, envoy.filters.network.sni_cluster, envoy.filters.network.sni_dynamic_forward_proxy, envoy.filters.network.tcp_proxy, envoy.filters.network.thrift_proxy, envoy.filters.network.wasm, envoy.http_connection_manager, envoy.mongo_proxy, envoy.ratelimit, envoy.redis_proxy, envoy.tcp_proxy
[2023-12-18 08:08:32.639][13][info][main] [external/envoy/source/server/server.cc:417]   envoy.config_subscription: envoy.config_subscription.ads, envoy.config_subscription.ads_collection, envoy.config_subscription.aggregated_grpc_collection, envoy.config_subscription.delta_grpc, envoy.config_subscription.delta_grpc_collection, envoy.config_subscription.filesystem, envoy.config_subscription.filesystem_collection, envoy.config_subscription.grpc
[2023-12-18 08:08:32.639][13][info][main] [external/envoy/source/server/server.cc:417]   network.connection.client: default, envoy_internal
[2023-12-18 08:08:32.639][13][info][main] [external/envoy/source/server/server.cc:417]   envoy.grpc_credentials: envoy.grpc_credentials.default
[2023-12-18 08:08:32.639][13][info][main] [external/envoy/source/server/server.cc:417]   envoy.path.match: envoy.path.match.uri_template.uri_template_matcher
[2023-12-18 08:08:32.639][13][info][main] [external/envoy/source/server/server.cc:417]   envoy.filters.listener: cilium.bpf_metadata, envoy.filters.listener.tls_inspector, envoy.listener.tls_inspector
[2023-12-18 08:08:32.639][13][info][main] [external/envoy/source/server/server.cc:417]   envoy.health_checkers: envoy.health_checkers.grpc, envoy.health_checkers.http, envoy.health_checkers.redis, envoy.health_checkers.tcp, envoy.health_checkers.thrift
[2023-12-18 08:08:32.639][13][info][main] [external/envoy/source/server/server.cc:417]   envoy.config_mux: envoy.config_mux.delta_grpc_mux_factory, envoy.config_mux.grpc_mux_factory, envoy.config_mux.new_grpc_mux_factory, envoy.config_mux.sotw_grpc_mux_factory
[2023-12-18 08:08:32.639][13][info][main] [external/envoy/source/server/server.cc:417]   envoy.upstream_options: envoy.extensions.upstreams.http.v3.HttpProtocolOptions, envoy.extensions.upstreams.tcp.v3.TcpProtocolOptions, envoy.upstreams.http.http_protocol_options, envoy.upstreams.tcp.tcp_protocol_options
[2023-12-18 08:08:32.639][13][info][main] [external/envoy/source/server/server.cc:417]   envoy.path.rewrite: envoy.path.rewrite.uri_template.uri_template_rewriter
[2023-12-18 08:08:32.639][13][info][main] [external/envoy/source/server/server.cc:417]   envoy.matching.http.input: envoy.matching.inputs.request_headers, envoy.matching.inputs.request_trailers, envoy.matching.inputs.response_headers, envoy.matching.inputs.response_trailers, query_params
[2023-12-18 08:08:32.639][13][info][main] [external/envoy/source/server/server.cc:417]   envoy.wasm.runtime: envoy.wasm.runtime.null, envoy.wasm.runtime.v8
[2023-12-18 08:08:32.639][13][info][main] [external/envoy/source/server/server.cc:417]   envoy.http.stateful_header_formatters: envoy.http.stateful_header_formatters.preserve_case, preserve_case
[2023-12-18 08:08:32.639][13][info][main] [external/envoy/source/server/server.cc:417]   envoy.quic.connection_id_generator: envoy.quic.deterministic_connection_id_generator
[2023-12-18 08:08:32.639][13][info][main] [external/envoy/source/server/server.cc:417]   envoy.clusters: envoy.cluster.eds, envoy.cluster.logical_dns, envoy.cluster.original_dst, envoy.cluster.static, envoy.cluster.strict_dns, envoy.clusters.dynamic_forward_proxy
[2023-12-18 08:08:32.639][13][info][main] [external/envoy/source/server/server.cc:417]   envoy.transport_sockets.upstream: cilium.tls_wrapper, envoy.transport_sockets.alts, envoy.transport_sockets.internal_upstream, envoy.transport_sockets.quic, envoy.transport_sockets.raw_buffer, envoy.transport_sockets.starttls, envoy.transport_sockets.tls, raw_buffer, starttls, tls
[2023-12-18 08:08:32.639][13][info][main] [external/envoy/source/server/server.cc:417]   envoy.compression.decompressor: envoy.compression.gzip.decompressor
[2023-12-18 08:08:32.639][13][info][main] [external/envoy/source/server/server.cc:417]   envoy.thrift_proxy.filters: envoy.filters.thrift.router
[2023-12-18 08:08:32.639][13][info][main] [external/envoy/source/server/server.cc:417]   envoy.quic.server.crypto_stream: envoy.quic.crypto_stream.server.quiche
[2023-12-18 08:08:32.639][13][info][main] [external/envoy/source/server/server.cc:417]   envoy.health_check.event_sinks: cilium.health_check.event_sink.pipe, envoy.health_check.event_sink.file
[2023-12-18 08:08:32.639][13][info][main] [external/envoy/source/server/server.cc:417]   envoy.upstreams: envoy.filters.connection_pools.tcp.generic
[2023-12-18 08:08:32.639][13][info][main] [external/envoy/source/server/server.cc:417]   envoy.load_balancing_policies: envoy.load_balancing_policies.cluster_provided, envoy.load_balancing_policies.least_request, envoy.load_balancing_policies.maglev, envoy.load_balancing_policies.random, envoy.load_balancing_policies.ring_hash, envoy.load_balancing_policies.round_robin, envoy.load_balancing_policies.subset
[2023-12-18 08:08:32.639][13][info][main] [external/envoy/source/server/server.cc:417]   envoy.connection_handler: envoy.connection_handler.default
[2023-12-18 08:08:32.639][13][info][main] [external/envoy/source/server/server.cc:417]   envoy.quic.proof_source: envoy.quic.proof_source.filter_chain
[2023-12-18 08:08:32.639][13][info][main] [external/envoy/source/server/server.cc:417]   envoy.regex_engines: envoy.regex_engines.google_re2
[2023-12-18 08:08:32.639][13][info][main] [external/envoy/source/server/server.cc:417]   envoy.filters.http.upstream: envoy.filters.http.upstream_codec
[2023-12-18 08:08:32.639][13][info][main] [external/envoy/source/server/server.cc:417]   envoy.network.dns_resolver: envoy.network.dns_resolver.cares
[2023-12-18 08:08:32.639][13][info][main] [external/envoy/source/server/server.cc:417]   envoy.thrift_proxy.transports: auto, framed, header, unframed
[2023-12-18 08:08:32.639][13][info][main] [external/envoy/source/server/server.cc:417]   envoy.route.early_data_policy: envoy.route.early_data_policy.default
[2023-12-18 08:08:32.639][13][info][main] [external/envoy/source/server/server.cc:417]   envoy.tls.cert_validator: envoy.tls.cert_validator.default, envoy.tls.cert_validator.spiffe
[2023-12-18 08:08:32.639][13][info][main] [external/envoy/source/server/server.cc:417]   envoy.bootstrap: envoy.bootstrap.internal_listener, envoy.bootstrap.wasm, envoy.extensions.network.socket_interface.default_socket_interface
[2023-12-18 08:08:32.639][13][info][main] [external/envoy/source/server/server.cc:417]   envoy.resolvers: envoy.ip
[2023-12-18 08:08:32.639][13][info][main] [external/envoy/source/server/server.cc:417]   envoy.filters.http: cilium.l7policy, envoy.cors, envoy.ext_authz, envoy.filters.http.compressor, envoy.filters.http.cors, envoy.filters.http.decompressor, envoy.filters.http.dynamic_forward_proxy, envoy.filters.http.ext_authz, envoy.filters.http.grpc_stats, envoy.filters.http.grpc_web, envoy.filters.http.health_check, envoy.filters.http.jwt_authn, envoy.filters.http.local_ratelimit, envoy.filters.http.lua, envoy.filters.http.match_delegate, envoy.filters.http.oauth2, envoy.filters.http.rate_limit_quota, envoy.filters.http.ratelimit, envoy.filters.http.router, envoy.filters.http.set_metadata, envoy.filters.http.wasm, envoy.grpc_web, envoy.health_check, envoy.local_rate_limit, envoy.lua, envoy.rate_limit, envoy.router
[2023-12-18 08:08:32.639][13][info][main] [external/envoy/source/server/server.cc:417]   envoy.matching.action: rate_limit_quota
[2023-12-18 08:08:32.644][13][info][main] [external/envoy/source/server/server.cc:470] HTTP header map info:
[2023-12-18 08:08:32.645][13][info][main] [external/envoy/source/server/server.cc:473]   request header map: 648 bytes: :authority,:method,:path,:protocol,:scheme,accept,accept-encoding,access-control-request-headers,access-control-request-method,access-control-request-private-network,authorization,cache-control,connection,content-encoding,content-length,content-type,expect,grpc-accept-encoding,grpc-timeout,keep-alive,origin,proxy-connection,proxy-status,referer,sec-websocket-extensions,sec-websocket-key,sec-websocket-protocol,sec-websocket-version,te,transfer-encoding,upgrade,user-agent,via,x-client-trace-id,x-envoy-attempt-count,x-envoy-decorator-operation,x-envoy-downstream-service-cluster,x-envoy-downstream-service-node,x-envoy-expected-rq-timeout-ms,x-envoy-external-address,x-envoy-force-trace,x-envoy-hedge-on-per-try-timeout,x-envoy-internal,x-envoy-ip-tags,x-envoy-is-timeout-retry,x-envoy-max-retries,x-envoy-original-dst-host,x-envoy-original-path,x-envoy-original-url,x-envoy-retriable-header-names,x-envoy-retriable-status-codes,x-envoy-retry-grpc-on,x-envoy-retry-on,x-envoy-upstream-alt-stat-name,x-envoy-upstream-rq-per-try-timeout-ms,x-envoy-upstream-rq-timeout-alt-response,x-envoy-upstream-rq-timeout-ms,x-envoy-upstream-stream-duration-ms,x-forwarded-client-cert,x-forwarded-for,x-forwarded-host,x-forwarded-port,x-forwarded-proto,x-request-id
[2023-12-18 08:08:32.645][13][info][main] [external/envoy/source/server/server.cc:473]   request trailer map: 128 bytes: 
[2023-12-18 08:08:32.645][13][info][main] [external/envoy/source/server/server.cc:473]   response header map: 424 bytes: :status,access-control-allow-credentials,access-control-allow-headers,access-control-allow-methods,access-control-allow-origin,access-control-allow-private-network,access-control-expose-headers,access-control-max-age,cache-control,connection,content-encoding,content-length,content-type,date,etag,grpc-message,grpc-status,keep-alive,location,proxy-connection,proxy-status,sec-websocket-accept,server,transfer-encoding,upgrade,vary,via,x-envoy-attempt-count,x-envoy-decorator-operation,x-envoy-degraded,x-envoy-immediate-health-check-fail,x-envoy-ratelimited,x-envoy-upstream-canary,x-envoy-upstream-healthchecked-cluster,x-envoy-upstream-service-time,x-request-id
[2023-12-18 08:08:32.645][13][info][main] [external/envoy/source/server/server.cc:473]   response trailer map: 152 bytes: grpc-message,grpc-status
[2023-12-18 08:08:32.649][13][info][main] [external/envoy/source/server/server.cc:840] runtime: layers:
  - name: deprecation
    static_layer:
      re2.max_program_size.error_level: 1000
  - name: globalMaxConnections
    static_layer:
      overload.global_downstream_max_connections: 2147483647
[2023-12-18 08:08:32.650][13][info][admin] [external/envoy/source/server/admin/admin.cc:66] admin address: 0.0.0.0:9000
[2023-12-18 08:08:32.650][13][info][config] [external/envoy/source/server/configuration_impl.cc:144] loading tracing configuration
[2023-12-18 08:08:32.650][13][info][config] [external/envoy/source/server/configuration_impl.cc:103] loading 0 static secret(s)
[2023-12-18 08:08:32.650][13][info][config] [external/envoy/source/server/configuration_impl.cc:109] loading 6 cluster(s)
[2023-12-18 08:08:32.659][13][info][config] [external/envoy/source/server/configuration_impl.cc:113] loading 0 listener(s)
[2023-12-18 08:08:32.659][13][info][config] [external/envoy/source/server/configuration_impl.cc:130] loading stats configuration
[2023-12-18 08:08:32.660][13][info][main] [external/envoy/source/server/server.cc:937] starting main dispatch loop
[2023-12-18 08:08:33.130][13][info][runtime] [external/envoy/source/common/runtime/runtime_impl.cc:577] RTDS has finished initialization
[2023-12-18 08:08:33.130][13][info][upstream] [external/envoy/source/common/upstream/cluster_manager_impl.cc:222] cm init: initializing cds
[2023-12-18 08:08:48.132][13][warning][config] [external/envoy/source/extensions/config_subscription/grpc/grpc_subscription_impl.cc:120] gRPC config: initial fetch timed out for type.googleapis.com/envoy.config.cluster.v3.Cluster
[2023-12-18 08:08:48.132][13][info][upstream] [external/envoy/source/common/upstream/cluster_manager_impl.cc:226] cm init: all clusters initialized
[2023-12-18 08:08:48.132][13][info][main] [external/envoy/source/server/server.cc:918] all clusters initialized. initializing init manager
[2023-12-18 08:09:03.132][13][warning][config] [external/envoy/source/extensions/config_subscription/grpc/grpc_subscription_impl.cc:120] gRPC config: initial fetch timed out for type.googleapis.com/envoy.config.listener.v3.Listener
[2023-12-18 08:09:03.132][13][info][config] [external/envoy/source/extensions/listener_managers/listener_manager/listener_manager_impl.cc:858] all dependencies initialized. starting workers
[2023-12-18 08:09:14.254][13][info][upstream] [external/envoy/source/common/upstream/cds_api_helper.cc:32] cds: add 1 cluster(s), remove 6 cluster(s)
[2023-12-18 08:09:14.254][13][warning][misc] [external/envoy/source/common/protobuf/message_validator_impl.cc:21] Deprecated field: type envoy.extensions.transport_sockets.tls.v3.CertificateValidationContext Using deprecated option 'envoy.extensions.transport_sockets.tls.v3.CertificateValidationContext.match_subject_alt_names' from file common.proto. This configuration will be removed from Envoy soon. Please see https://www.envoyproxy.io/docs/envoy/latest/version_history/version_history for details. If continued use of this field is absolutely necessary, see https://www.envoyproxy.io/docs/envoy/latest/configuration/operations/runtime#using-runtime-overrides-for-deprecated-features for how to apply a temporary and highly discouraged override.
[2023-12-18 08:09:14.255][13][info][upstream] [external/envoy/source/common/upstream/cds_api_helper.cc:69] cds: added/updated 1 cluster(s), skipped 0 unmodified cluster(s)
[2023-12-18 08:09:17.013][13][info][lua] [external/envoy/source/extensions/filters/http/lua/lua_filter.cc:220] envoy_on_request() function not found. Lua filter will not hook requests.
[2023-12-18 08:09:17.013][13][info][lua] [external/envoy/source/extensions/filters/http/lua/lua_filter.cc:225] envoy_on_response() function not found. Lua filter will not hook responses.
[2023-12-18 08:09:17.032][13][info][upstream] [external/envoy/source/extensions/listener_managers/listener_manager/lds_api.cc:86] lds: add/update listener 'httpslistener'
[2023-12-18 08:09:31.801][13][info][upstream] [external/envoy/source/common/upstream/cds_api_helper.cc:32] cds: add 3 cluster(s), remove 5 cluster(s)
[2023-12-18 08:09:31.804][13][info][upstream] [external/envoy/source/common/upstream/cds_api_helper.cc:69] cds: added/updated 1 cluster(s), skipped 2 unmodified cluster(s)
[2023-12-18 08:09:31.814][13][info][upstream] [external/envoy/source/common/upstream/cds_api_helper.cc:32] cds: add 4 cluster(s), remove 5 cluster(s)
[2023-12-18 08:09:31.817][13][info][upstream] [external/envoy/source/common/upstream/cds_api_helper.cc:69] cds: added/updated 1 cluster(s), skipped 3 unmodified cluster(s)
[2023-12-18 08:09:31.861][13][info][upstream] [external/envoy/source/common/upstream/cds_api_helper.cc:32] cds: add 5 cluster(s), remove 5 cluster(s)
[2023-12-18 08:09:31.864][13][info][upstream] [external/envoy/source/common/upstream/cds_api_helper.cc:69] cds: added/updated 1 cluster(s), skipped 4 unmodified cluster(s)
[2023-12-18 08:09:31.895][13][info][upstream] [external/envoy/source/common/upstream/cds_api_helper.cc:32] cds: add 6 cluster(s), remove 5 cluster(s)
[2023-12-18 08:09:31.898][13][info][upstream] [external/envoy/source/common/upstream/cds_api_helper.cc:69] cds: added/updated 1 cluster(s), skipped 5 unmodified cluster(s)
[2023-12-18 08:09:31.933][13][info][upstream] [external/envoy/source/common/upstream/cds_api_helper.cc:32] cds: add 7 cluster(s), remove 5 cluster(s)
[2023-12-18 08:09:31.943][13][info][upstream] [external/envoy/source/common/upstream/cds_api_helper.cc:69] cds: added/updated 1 cluster(s), skipped 6 unmodified cluster(s)
[2023-12-18 08:09:31.993][13][info][upstream] [external/envoy/source/common/upstream/cds_api_helper.cc:32] cds: add 10 cluster(s), remove 5 cluster(s)
[2023-12-18 08:09:31.999][13][info][upstream] [external/envoy/source/common/upstream/cds_api_helper.cc:69] cds: added/updated 3 cluster(s), skipped 7 unmodified cluster(s)
